<?xml version="1.0" encoding="UTF-8"?>
<!-- Generated by org.testng.reporters.JUnitReportReporter -->
<testsuite hostname="LAPTOP-RDTL2NE3" failures="0" tests="1" name="com.saucedemo.testcases.LoginTest" time="12.029" errors="0" timestamp="2022-03-31T01:13:28 EDT" skipped="0">
  <testcase classname="com.saucedemo.testcases.LoginTest" name="addRemoveVerifyAndPlaceOrder" time="12.029"/>
  <system-out/>
</testsuite> <!-- com.saucedemo.testcases.LoginTest -->
