<?xml version="1.0" encoding="UTF-8"?>
<!-- Generated by org.testng.reporters.JUnitReportReporter -->
<testsuite hostname="LAPTOP-RDTL2NE3" failures="0" tests="1" name="com.saucedemo.testcases.OrderProductsTest" time="10.190" errors="0" timestamp="2022-03-31T09:58:09 EDT" skipped="0">
  <testcase classname="com.saucedemo.testcases.OrderProductsTest" name="addRemoveVerifyAndPlaceOrder" time="10.190"/>
  <system-out/>
</testsuite> <!-- com.saucedemo.testcases.OrderProductsTest -->
